{"/Users/darioronzoni/Development/fattura-elettronica/src/index.ts": {"path":"/Users/darioronzoni/Development/fattura-elettronica/src/index.ts","statementMap":{"0":{"start":{"line":2,"column":0},"end":{"line":2,"column":32}},"1":{"start":{"line":5,"column":13},"end":{"line":22,"column":2}},"2":{"start":{"line":6,"column":27},"end":{"line":17,"column":5}},"3":{"start":{"line":19,"column":17},"end":{"line":19,"column":65}},"4":{"start":{"line":20,"column":22},"end":{"line":20,"column":48}},"5":{"start":{"line":21,"column":4},"end":{"line":21,"column":21}}},"fnMap":{"0":{"name":"(anonymous_1)","decl":{"start":{"line":5,"column":24},"end":{"line":5,"column":25}},"loc":{"start":{"line":5,"column":106},"end":{"line":22,"column":1}}}},"branchMap":{},"s":{"0":1,"1":1,"2":1,"3":1,"4":1,"5":1},"f":{"0":1},"b":{}}
,"/Users/darioronzoni/Development/fattura-elettronica/src/Tabelle/Divisa.ts": {"path":"/Users/darioronzoni/Development/fattura-elettronica/src/Tabelle/Divisa.ts","statementMap":{"0":{"start":{"line":1,"column":1},"end":{"line":183,"column":1}},"1":{"start":{"line":2,"column":4},"end":{"line":2,"column":15}},"2":{"start":{"line":3,"column":4},"end":{"line":3,"column":15}},"3":{"start":{"line":4,"column":4},"end":{"line":4,"column":15}},"4":{"start":{"line":5,"column":4},"end":{"line":5,"column":15}},"5":{"start":{"line":6,"column":4},"end":{"line":6,"column":15}},"6":{"start":{"line":7,"column":4},"end":{"line":7,"column":15}},"7":{"start":{"line":8,"column":4},"end":{"line":8,"column":15}},"8":{"start":{"line":9,"column":4},"end":{"line":9,"column":15}},"9":{"start":{"line":10,"column":4},"end":{"line":10,"column":15}},"10":{"start":{"line":11,"column":4},"end":{"line":11,"column":15}},"11":{"start":{"line":12,"column":4},"end":{"line":12,"column":15}},"12":{"start":{"line":13,"column":4},"end":{"line":13,"column":15}},"13":{"start":{"line":14,"column":4},"end":{"line":14,"column":15}},"14":{"start":{"line":15,"column":4},"end":{"line":15,"column":15}},"15":{"start":{"line":16,"column":4},"end":{"line":16,"column":15}},"16":{"start":{"line":17,"column":4},"end":{"line":17,"column":15}},"17":{"start":{"line":18,"column":4},"end":{"line":18,"column":15}},"18":{"start":{"line":19,"column":4},"end":{"line":19,"column":15}},"19":{"start":{"line":20,"column":4},"end":{"line":20,"column":15}},"20":{"start":{"line":21,"column":4},"end":{"line":21,"column":15}},"21":{"start":{"line":22,"column":4},"end":{"line":22,"column":15}},"22":{"start":{"line":23,"column":4},"end":{"line":23,"column":15}},"23":{"start":{"line":24,"column":4},"end":{"line":24,"column":15}},"24":{"start":{"line":25,"column":4},"end":{"line":25,"column":15}},"25":{"start":{"line":26,"column":4},"end":{"line":26,"column":15}},"26":{"start":{"line":27,"column":4},"end":{"line":27,"column":15}},"27":{"start":{"line":28,"column":4},"end":{"line":28,"column":15}},"28":{"start":{"line":29,"column":4},"end":{"line":29,"column":15}},"29":{"start":{"line":30,"column":4},"end":{"line":30,"column":15}},"30":{"start":{"line":31,"column":4},"end":{"line":31,"column":15}},"31":{"start":{"line":32,"column":4},"end":{"line":32,"column":15}},"32":{"start":{"line":33,"column":4},"end":{"line":33,"column":15}},"33":{"start":{"line":34,"column":4},"end":{"line":34,"column":15}},"34":{"start":{"line":35,"column":4},"end":{"line":35,"column":15}},"35":{"start":{"line":36,"column":4},"end":{"line":36,"column":15}},"36":{"start":{"line":37,"column":4},"end":{"line":37,"column":15}},"37":{"start":{"line":38,"column":4},"end":{"line":38,"column":15}},"38":{"start":{"line":39,"column":4},"end":{"line":39,"column":15}},"39":{"start":{"line":40,"column":4},"end":{"line":40,"column":15}},"40":{"start":{"line":41,"column":4},"end":{"line":41,"column":15}},"41":{"start":{"line":42,"column":4},"end":{"line":42,"column":15}},"42":{"start":{"line":43,"column":4},"end":{"line":43,"column":15}},"43":{"start":{"line":44,"column":4},"end":{"line":44,"column":15}},"44":{"start":{"line":45,"column":4},"end":{"line":45,"column":15}},"45":{"start":{"line":46,"column":4},"end":{"line":46,"column":15}},"46":{"start":{"line":47,"column":4},"end":{"line":47,"column":15}},"47":{"start":{"line":48,"column":4},"end":{"line":48,"column":15}},"48":{"start":{"line":49,"column":4},"end":{"line":49,"column":15}},"49":{"start":{"line":50,"column":4},"end":{"line":50,"column":15}},"50":{"start":{"line":51,"column":4},"end":{"line":51,"column":15}},"51":{"start":{"line":52,"column":4},"end":{"line":52,"column":15}},"52":{"start":{"line":53,"column":4},"end":{"line":53,"column":15}},"53":{"start":{"line":54,"column":4},"end":{"line":54,"column":15}},"54":{"start":{"line":55,"column":4},"end":{"line":55,"column":15}},"55":{"start":{"line":56,"column":4},"end":{"line":56,"column":15}},"56":{"start":{"line":57,"column":4},"end":{"line":57,"column":15}},"57":{"start":{"line":58,"column":4},"end":{"line":58,"column":15}},"58":{"start":{"line":59,"column":4},"end":{"line":59,"column":15}},"59":{"start":{"line":60,"column":4},"end":{"line":60,"column":15}},"60":{"start":{"line":61,"column":4},"end":{"line":61,"column":15}},"61":{"start":{"line":62,"column":4},"end":{"line":62,"column":15}},"62":{"start":{"line":63,"column":4},"end":{"line":63,"column":15}},"63":{"start":{"line":64,"column":4},"end":{"line":64,"column":15}},"64":{"start":{"line":65,"column":4},"end":{"line":65,"column":15}},"65":{"start":{"line":66,"column":4},"end":{"line":66,"column":15}},"66":{"start":{"line":67,"column":4},"end":{"line":67,"column":15}},"67":{"start":{"line":68,"column":4},"end":{"line":68,"column":15}},"68":{"start":{"line":69,"column":4},"end":{"line":69,"column":15}},"69":{"start":{"line":70,"column":4},"end":{"line":70,"column":15}},"70":{"start":{"line":71,"column":4},"end":{"line":71,"column":15}},"71":{"start":{"line":72,"column":4},"end":{"line":72,"column":15}},"72":{"start":{"line":73,"column":4},"end":{"line":73,"column":15}},"73":{"start":{"line":74,"column":4},"end":{"line":74,"column":15}},"74":{"start":{"line":75,"column":4},"end":{"line":75,"column":15}},"75":{"start":{"line":76,"column":4},"end":{"line":76,"column":15}},"76":{"start":{"line":77,"column":4},"end":{"line":77,"column":15}},"77":{"start":{"line":78,"column":4},"end":{"line":78,"column":15}},"78":{"start":{"line":79,"column":4},"end":{"line":79,"column":15}},"79":{"start":{"line":80,"column":4},"end":{"line":80,"column":15}},"80":{"start":{"line":81,"column":4},"end":{"line":81,"column":15}},"81":{"start":{"line":82,"column":4},"end":{"line":82,"column":15}},"82":{"start":{"line":83,"column":4},"end":{"line":83,"column":15}},"83":{"start":{"line":84,"column":4},"end":{"line":84,"column":15}},"84":{"start":{"line":85,"column":4},"end":{"line":85,"column":15}},"85":{"start":{"line":86,"column":4},"end":{"line":86,"column":15}},"86":{"start":{"line":87,"column":4},"end":{"line":87,"column":15}},"87":{"start":{"line":88,"column":4},"end":{"line":88,"column":15}},"88":{"start":{"line":89,"column":4},"end":{"line":89,"column":15}},"89":{"start":{"line":90,"column":4},"end":{"line":90,"column":15}},"90":{"start":{"line":91,"column":4},"end":{"line":91,"column":15}},"91":{"start":{"line":92,"column":4},"end":{"line":92,"column":15}},"92":{"start":{"line":93,"column":4},"end":{"line":93,"column":15}},"93":{"start":{"line":94,"column":4},"end":{"line":94,"column":15}},"94":{"start":{"line":95,"column":4},"end":{"line":95,"column":15}},"95":{"start":{"line":96,"column":4},"end":{"line":96,"column":15}},"96":{"start":{"line":97,"column":4},"end":{"line":97,"column":15}},"97":{"start":{"line":98,"column":4},"end":{"line":98,"column":15}},"98":{"start":{"line":99,"column":4},"end":{"line":99,"column":15}},"99":{"start":{"line":100,"column":4},"end":{"line":100,"column":15}},"100":{"start":{"line":101,"column":4},"end":{"line":101,"column":15}},"101":{"start":{"line":102,"column":4},"end":{"line":102,"column":15}},"102":{"start":{"line":103,"column":4},"end":{"line":103,"column":15}},"103":{"start":{"line":104,"column":4},"end":{"line":104,"column":15}},"104":{"start":{"line":105,"column":4},"end":{"line":105,"column":15}},"105":{"start":{"line":106,"column":4},"end":{"line":106,"column":15}},"106":{"start":{"line":107,"column":4},"end":{"line":107,"column":15}},"107":{"start":{"line":108,"column":4},"end":{"line":108,"column":15}},"108":{"start":{"line":109,"column":4},"end":{"line":109,"column":15}},"109":{"start":{"line":110,"column":4},"end":{"line":110,"column":15}},"110":{"start":{"line":111,"column":4},"end":{"line":111,"column":15}},"111":{"start":{"line":112,"column":4},"end":{"line":112,"column":15}},"112":{"start":{"line":113,"column":4},"end":{"line":113,"column":15}},"113":{"start":{"line":114,"column":4},"end":{"line":114,"column":15}},"114":{"start":{"line":115,"column":4},"end":{"line":115,"column":15}},"115":{"start":{"line":116,"column":4},"end":{"line":116,"column":15}},"116":{"start":{"line":117,"column":4},"end":{"line":117,"column":15}},"117":{"start":{"line":118,"column":4},"end":{"line":118,"column":15}},"118":{"start":{"line":119,"column":4},"end":{"line":119,"column":15}},"119":{"start":{"line":120,"column":4},"end":{"line":120,"column":15}},"120":{"start":{"line":121,"column":4},"end":{"line":121,"column":15}},"121":{"start":{"line":122,"column":4},"end":{"line":122,"column":15}},"122":{"start":{"line":123,"column":4},"end":{"line":123,"column":15}},"123":{"start":{"line":124,"column":4},"end":{"line":124,"column":15}},"124":{"start":{"line":125,"column":4},"end":{"line":125,"column":15}},"125":{"start":{"line":126,"column":4},"end":{"line":126,"column":15}},"126":{"start":{"line":127,"column":4},"end":{"line":127,"column":15}},"127":{"start":{"line":128,"column":4},"end":{"line":128,"column":15}},"128":{"start":{"line":129,"column":4},"end":{"line":129,"column":15}},"129":{"start":{"line":130,"column":4},"end":{"line":130,"column":15}},"130":{"start":{"line":131,"column":4},"end":{"line":131,"column":15}},"131":{"start":{"line":132,"column":4},"end":{"line":132,"column":15}},"132":{"start":{"line":133,"column":4},"end":{"line":133,"column":15}},"133":{"start":{"line":134,"column":4},"end":{"line":134,"column":15}},"134":{"start":{"line":135,"column":4},"end":{"line":135,"column":15}},"135":{"start":{"line":136,"column":4},"end":{"line":136,"column":15}},"136":{"start":{"line":137,"column":4},"end":{"line":137,"column":15}},"137":{"start":{"line":138,"column":4},"end":{"line":138,"column":15}},"138":{"start":{"line":139,"column":4},"end":{"line":139,"column":15}},"139":{"start":{"line":140,"column":4},"end":{"line":140,"column":15}},"140":{"start":{"line":141,"column":4},"end":{"line":141,"column":15}},"141":{"start":{"line":142,"column":4},"end":{"line":142,"column":15}},"142":{"start":{"line":143,"column":4},"end":{"line":143,"column":15}},"143":{"start":{"line":144,"column":4},"end":{"line":144,"column":15}},"144":{"start":{"line":145,"column":4},"end":{"line":145,"column":15}},"145":{"start":{"line":146,"column":4},"end":{"line":146,"column":15}},"146":{"start":{"line":147,"column":4},"end":{"line":147,"column":15}},"147":{"start":{"line":148,"column":4},"end":{"line":148,"column":15}},"148":{"start":{"line":149,"column":4},"end":{"line":149,"column":15}},"149":{"start":{"line":150,"column":4},"end":{"line":150,"column":15}},"150":{"start":{"line":151,"column":4},"end":{"line":151,"column":15}},"151":{"start":{"line":152,"column":4},"end":{"line":152,"column":15}},"152":{"start":{"line":153,"column":4},"end":{"line":153,"column":15}},"153":{"start":{"line":154,"column":4},"end":{"line":154,"column":15}},"154":{"start":{"line":155,"column":4},"end":{"line":155,"column":15}},"155":{"start":{"line":156,"column":4},"end":{"line":156,"column":15}},"156":{"start":{"line":157,"column":4},"end":{"line":157,"column":15}},"157":{"start":{"line":158,"column":4},"end":{"line":158,"column":15}},"158":{"start":{"line":159,"column":4},"end":{"line":159,"column":15}},"159":{"start":{"line":160,"column":4},"end":{"line":160,"column":15}},"160":{"start":{"line":161,"column":4},"end":{"line":161,"column":15}},"161":{"start":{"line":162,"column":4},"end":{"line":162,"column":15}},"162":{"start":{"line":163,"column":4},"end":{"line":163,"column":15}},"163":{"start":{"line":164,"column":4},"end":{"line":164,"column":15}},"164":{"start":{"line":165,"column":4},"end":{"line":165,"column":15}},"165":{"start":{"line":166,"column":4},"end":{"line":166,"column":15}},"166":{"start":{"line":167,"column":4},"end":{"line":167,"column":15}},"167":{"start":{"line":168,"column":4},"end":{"line":168,"column":15}},"168":{"start":{"line":169,"column":4},"end":{"line":169,"column":15}},"169":{"start":{"line":170,"column":4},"end":{"line":170,"column":15}},"170":{"start":{"line":171,"column":4},"end":{"line":171,"column":15}},"171":{"start":{"line":172,"column":4},"end":{"line":172,"column":15}},"172":{"start":{"line":174,"column":4},"end":{"line":174,"column":15}},"173":{"start":{"line":175,"column":4},"end":{"line":175,"column":15}},"174":{"start":{"line":176,"column":4},"end":{"line":176,"column":15}},"175":{"start":{"line":177,"column":4},"end":{"line":177,"column":15}},"176":{"start":{"line":178,"column":4},"end":{"line":178,"column":15}},"177":{"start":{"line":179,"column":4},"end":{"line":179,"column":15}},"178":{"start":{"line":180,"column":4},"end":{"line":180,"column":15}},"179":{"start":{"line":181,"column":4},"end":{"line":181,"column":15}},"180":{"start":{"line":182,"column":4},"end":{"line":182,"column":15}}},"fnMap":{"0":{"name":"(anonymous_0)","decl":{"start":{"line":1,"column":1},"end":{"line":1,"column":12}},"loc":{"start":{"line":1,"column":19},"end":{"line":183,"column":1}}}},"branchMap":{"0":{"loc":{"start":{"line":1,"column":13},"end":{"line":1,"column":19}},"type":"binary-expr","locations":[{"start":{"line":1,"column":13},"end":{"line":1,"column":19}},{"start":{"line":1,"column":13},"end":{"line":1,"column":19}}]}},"s":{"0":1,"1":1,"2":1,"3":1,"4":1,"5":1,"6":1,"7":1,"8":1,"9":1,"10":1,"11":1,"12":1,"13":1,"14":1,"15":1,"16":1,"17":1,"18":1,"19":1,"20":1,"21":1,"22":1,"23":1,"24":1,"25":1,"26":1,"27":1,"28":1,"29":1,"30":1,"31":1,"32":1,"33":1,"34":1,"35":1,"36":1,"37":1,"38":1,"39":1,"40":1,"41":1,"42":1,"43":1,"44":1,"45":1,"46":1,"47":1,"48":1,"49":1,"50":1,"51":1,"52":1,"53":1,"54":1,"55":1,"56":1,"57":1,"58":1,"59":1,"60":1,"61":1,"62":1,"63":1,"64":1,"65":1,"66":1,"67":1,"68":1,"69":1,"70":1,"71":1,"72":1,"73":1,"74":1,"75":1,"76":1,"77":1,"78":1,"79":1,"80":1,"81":1,"82":1,"83":1,"84":1,"85":1,"86":1,"87":1,"88":1,"89":1,"90":1,"91":1,"92":1,"93":1,"94":1,"95":1,"96":1,"97":1,"98":1,"99":1,"100":1,"101":1,"102":1,"103":1,"104":1,"105":1,"106":1,"107":1,"108":1,"109":1,"110":1,"111":1,"112":1,"113":1,"114":1,"115":1,"116":1,"117":1,"118":1,"119":1,"120":1,"121":1,"122":1,"123":1,"124":1,"125":1,"126":1,"127":1,"128":1,"129":1,"130":1,"131":1,"132":1,"133":1,"134":1,"135":1,"136":1,"137":1,"138":1,"139":1,"140":1,"141":1,"142":1,"143":1,"144":1,"145":1,"146":1,"147":1,"148":1,"149":1,"150":1,"151":1,"152":1,"153":1,"154":1,"155":1,"156":1,"157":1,"158":1,"159":1,"160":1,"161":1,"162":1,"163":1,"164":1,"165":1,"166":1,"167":1,"168":1,"169":1,"170":1,"171":1,"172":1,"173":1,"174":1,"175":1,"176":1,"177":1,"178":1,"179":1,"180":1},"f":{"0":1},"b":{"0":[1,1]}}
,"/Users/darioronzoni/Development/fattura-elettronica/src/Tabelle/EsigibilitaIVA.ts": {"path":"/Users/darioronzoni/Development/fattura-elettronica/src/Tabelle/EsigibilitaIVA.ts","statementMap":{"0":{"start":{"line":1,"column":1},"end":{"line":5,"column":1}},"1":{"start":{"line":2,"column":4},"end":{"line":2,"column":11}},"2":{"start":{"line":3,"column":4},"end":{"line":3,"column":11}},"3":{"start":{"line":4,"column":4},"end":{"line":4,"column":11}}},"fnMap":{"0":{"name":"(anonymous_0)","decl":{"start":{"line":1,"column":1},"end":{"line":1,"column":12}},"loc":{"start":{"line":1,"column":27},"end":{"line":5,"column":1}}}},"branchMap":{"0":{"loc":{"start":{"line":1,"column":13},"end":{"line":1,"column":27}},"type":"binary-expr","locations":[{"start":{"line":1,"column":13},"end":{"line":1,"column":27}},{"start":{"line":1,"column":13},"end":{"line":1,"column":27}}]}},"s":{"0":1,"1":1,"2":1,"3":1},"f":{"0":1},"b":{"0":[1,1]}}
,"/Users/darioronzoni/Development/fattura-elettronica/src/Tabelle/FormatoTrasmissione.ts": {"path":"/Users/darioronzoni/Development/fattura-elettronica/src/Tabelle/FormatoTrasmissione.ts","statementMap":{"0":{"start":{"line":1,"column":1},"end":{"line":4,"column":1}},"1":{"start":{"line":2,"column":4},"end":{"line":2,"column":38}},"2":{"start":{"line":3,"column":4},"end":{"line":3,"column":22}}},"fnMap":{"0":{"name":"(anonymous_0)","decl":{"start":{"line":1,"column":1},"end":{"line":1,"column":12}},"loc":{"start":{"line":1,"column":32},"end":{"line":4,"column":1}}}},"branchMap":{"0":{"loc":{"start":{"line":1,"column":13},"end":{"line":1,"column":32}},"type":"binary-expr","locations":[{"start":{"line":1,"column":13},"end":{"line":1,"column":32}},{"start":{"line":1,"column":13},"end":{"line":1,"column":32}}]}},"s":{"0":1,"1":1,"2":1},"f":{"0":1},"b":{"0":[1,1]}}
,"/Users/darioronzoni/Development/fattura-elettronica/src/Tabelle/IdPaese.ts": {"path":"/Users/darioronzoni/Development/fattura-elettronica/src/Tabelle/IdPaese.ts","statementMap":{"0":{"start":{"line":1,"column":1},"end":{"line":251,"column":1}},"1":{"start":{"line":2,"column":4},"end":{"line":2,"column":13}},"2":{"start":{"line":3,"column":4},"end":{"line":3,"column":13}},"3":{"start":{"line":4,"column":4},"end":{"line":4,"column":13}},"4":{"start":{"line":5,"column":4},"end":{"line":5,"column":13}},"5":{"start":{"line":6,"column":4},"end":{"line":6,"column":13}},"6":{"start":{"line":7,"column":4},"end":{"line":7,"column":13}},"7":{"start":{"line":8,"column":4},"end":{"line":8,"column":13}},"8":{"start":{"line":9,"column":4},"end":{"line":9,"column":13}},"9":{"start":{"line":10,"column":4},"end":{"line":10,"column":13}},"10":{"start":{"line":11,"column":4},"end":{"line":11,"column":13}},"11":{"start":{"line":12,"column":4},"end":{"line":12,"column":13}},"12":{"start":{"line":13,"column":4},"end":{"line":13,"column":13}},"13":{"start":{"line":14,"column":4},"end":{"line":14,"column":13}},"14":{"start":{"line":15,"column":4},"end":{"line":15,"column":13}},"15":{"start":{"line":16,"column":4},"end":{"line":16,"column":13}},"16":{"start":{"line":17,"column":4},"end":{"line":17,"column":13}},"17":{"start":{"line":18,"column":4},"end":{"line":18,"column":13}},"18":{"start":{"line":19,"column":4},"end":{"line":19,"column":13}},"19":{"start":{"line":20,"column":4},"end":{"line":20,"column":13}},"20":{"start":{"line":21,"column":4},"end":{"line":21,"column":13}},"21":{"start":{"line":22,"column":4},"end":{"line":22,"column":13}},"22":{"start":{"line":23,"column":4},"end":{"line":23,"column":13}},"23":{"start":{"line":24,"column":4},"end":{"line":24,"column":13}},"24":{"start":{"line":25,"column":4},"end":{"line":25,"column":13}},"25":{"start":{"line":26,"column":4},"end":{"line":26,"column":13}},"26":{"start":{"line":27,"column":4},"end":{"line":27,"column":13}},"27":{"start":{"line":28,"column":4},"end":{"line":28,"column":13}},"28":{"start":{"line":29,"column":4},"end":{"line":29,"column":13}},"29":{"start":{"line":30,"column":4},"end":{"line":30,"column":13}},"30":{"start":{"line":31,"column":4},"end":{"line":31,"column":13}},"31":{"start":{"line":32,"column":4},"end":{"line":32,"column":13}},"32":{"start":{"line":33,"column":4},"end":{"line":33,"column":13}},"33":{"start":{"line":34,"column":4},"end":{"line":34,"column":13}},"34":{"start":{"line":35,"column":4},"end":{"line":35,"column":13}},"35":{"start":{"line":36,"column":4},"end":{"line":36,"column":13}},"36":{"start":{"line":37,"column":4},"end":{"line":37,"column":13}},"37":{"start":{"line":38,"column":4},"end":{"line":38,"column":13}},"38":{"start":{"line":39,"column":4},"end":{"line":39,"column":13}},"39":{"start":{"line":40,"column":4},"end":{"line":40,"column":13}},"40":{"start":{"line":41,"column":4},"end":{"line":41,"column":13}},"41":{"start":{"line":42,"column":4},"end":{"line":42,"column":13}},"42":{"start":{"line":43,"column":4},"end":{"line":43,"column":13}},"43":{"start":{"line":44,"column":4},"end":{"line":44,"column":13}},"44":{"start":{"line":45,"column":4},"end":{"line":45,"column":13}},"45":{"start":{"line":46,"column":4},"end":{"line":46,"column":13}},"46":{"start":{"line":47,"column":4},"end":{"line":47,"column":13}},"47":{"start":{"line":48,"column":4},"end":{"line":48,"column":13}},"48":{"start":{"line":49,"column":4},"end":{"line":49,"column":13}},"49":{"start":{"line":50,"column":4},"end":{"line":50,"column":13}},"50":{"start":{"line":51,"column":4},"end":{"line":51,"column":13}},"51":{"start":{"line":52,"column":4},"end":{"line":52,"column":13}},"52":{"start":{"line":53,"column":4},"end":{"line":53,"column":13}},"53":{"start":{"line":54,"column":4},"end":{"line":54,"column":13}},"54":{"start":{"line":55,"column":4},"end":{"line":55,"column":13}},"55":{"start":{"line":56,"column":4},"end":{"line":56,"column":13}},"56":{"start":{"line":57,"column":4},"end":{"line":57,"column":13}},"57":{"start":{"line":58,"column":4},"end":{"line":58,"column":13}},"58":{"start":{"line":59,"column":4},"end":{"line":59,"column":13}},"59":{"start":{"line":60,"column":4},"end":{"line":60,"column":13}},"60":{"start":{"line":61,"column":4},"end":{"line":61,"column":13}},"61":{"start":{"line":62,"column":4},"end":{"line":62,"column":13}},"62":{"start":{"line":63,"column":4},"end":{"line":63,"column":13}},"63":{"start":{"line":64,"column":4},"end":{"line":64,"column":13}},"64":{"start":{"line":65,"column":4},"end":{"line":65,"column":13}},"65":{"start":{"line":66,"column":4},"end":{"line":66,"column":13}},"66":{"start":{"line":67,"column":4},"end":{"line":67,"column":13}},"67":{"start":{"line":68,"column":4},"end":{"line":68,"column":13}},"68":{"start":{"line":69,"column":4},"end":{"line":69,"column":13}},"69":{"start":{"line":70,"column":4},"end":{"line":70,"column":13}},"70":{"start":{"line":71,"column":4},"end":{"line":71,"column":13}},"71":{"start":{"line":72,"column":4},"end":{"line":72,"column":13}},"72":{"start":{"line":73,"column":4},"end":{"line":73,"column":13}},"73":{"start":{"line":74,"column":4},"end":{"line":74,"column":13}},"74":{"start":{"line":75,"column":4},"end":{"line":75,"column":13}},"75":{"start":{"line":76,"column":4},"end":{"line":76,"column":13}},"76":{"start":{"line":77,"column":4},"end":{"line":77,"column":13}},"77":{"start":{"line":78,"column":4},"end":{"line":78,"column":13}},"78":{"start":{"line":79,"column":4},"end":{"line":79,"column":13}},"79":{"start":{"line":80,"column":4},"end":{"line":80,"column":13}},"80":{"start":{"line":81,"column":4},"end":{"line":81,"column":13}},"81":{"start":{"line":82,"column":4},"end":{"line":82,"column":13}},"82":{"start":{"line":83,"column":4},"end":{"line":83,"column":13}},"83":{"start":{"line":84,"column":4},"end":{"line":84,"column":13}},"84":{"start":{"line":85,"column":4},"end":{"line":85,"column":13}},"85":{"start":{"line":86,"column":4},"end":{"line":86,"column":13}},"86":{"start":{"line":87,"column":4},"end":{"line":87,"column":13}},"87":{"start":{"line":88,"column":4},"end":{"line":88,"column":13}},"88":{"start":{"line":89,"column":4},"end":{"line":89,"column":13}},"89":{"start":{"line":90,"column":4},"end":{"line":90,"column":13}},"90":{"start":{"line":91,"column":4},"end":{"line":91,"column":13}},"91":{"start":{"line":92,"column":4},"end":{"line":92,"column":13}},"92":{"start":{"line":93,"column":4},"end":{"line":93,"column":13}},"93":{"start":{"line":94,"column":4},"end":{"line":94,"column":13}},"94":{"start":{"line":95,"column":4},"end":{"line":95,"column":13}},"95":{"start":{"line":96,"column":4},"end":{"line":96,"column":13}},"96":{"start":{"line":97,"column":4},"end":{"line":97,"column":13}},"97":{"start":{"line":98,"column":4},"end":{"line":98,"column":13}},"98":{"start":{"line":99,"column":4},"end":{"line":99,"column":13}},"99":{"start":{"line":100,"column":4},"end":{"line":100,"column":13}},"100":{"start":{"line":101,"column":4},"end":{"line":101,"column":13}},"101":{"start":{"line":102,"column":4},"end":{"line":102,"column":13}},"102":{"start":{"line":103,"column":4},"end":{"line":103,"column":13}},"103":{"start":{"line":104,"column":4},"end":{"line":104,"column":13}},"104":{"start":{"line":105,"column":4},"end":{"line":105,"column":13}},"105":{"start":{"line":106,"column":4},"end":{"line":106,"column":13}},"106":{"start":{"line":107,"column":4},"end":{"line":107,"column":13}},"107":{"start":{"line":108,"column":4},"end":{"line":108,"column":13}},"108":{"start":{"line":109,"column":4},"end":{"line":109,"column":13}},"109":{"start":{"line":110,"column":4},"end":{"line":110,"column":13}},"110":{"start":{"line":111,"column":4},"end":{"line":111,"column":13}},"111":{"start":{"line":112,"column":4},"end":{"line":112,"column":13}},"112":{"start":{"line":113,"column":4},"end":{"line":113,"column":13}},"113":{"start":{"line":114,"column":4},"end":{"line":114,"column":13}},"114":{"start":{"line":115,"column":4},"end":{"line":115,"column":13}},"115":{"start":{"line":116,"column":4},"end":{"line":116,"column":13}},"116":{"start":{"line":117,"column":4},"end":{"line":117,"column":13}},"117":{"start":{"line":118,"column":4},"end":{"line":118,"column":13}},"118":{"start":{"line":119,"column":4},"end":{"line":119,"column":13}},"119":{"start":{"line":120,"column":4},"end":{"line":120,"column":13}},"120":{"start":{"line":121,"column":4},"end":{"line":121,"column":13}},"121":{"start":{"line":122,"column":4},"end":{"line":122,"column":13}},"122":{"start":{"line":123,"column":4},"end":{"line":123,"column":13}},"123":{"start":{"line":124,"column":4},"end":{"line":124,"column":13}},"124":{"start":{"line":125,"column":4},"end":{"line":125,"column":13}},"125":{"start":{"line":126,"column":4},"end":{"line":126,"column":13}},"126":{"start":{"line":127,"column":4},"end":{"line":127,"column":13}},"127":{"start":{"line":128,"column":4},"end":{"line":128,"column":13}},"128":{"start":{"line":129,"column":4},"end":{"line":129,"column":13}},"129":{"start":{"line":130,"column":4},"end":{"line":130,"column":13}},"130":{"start":{"line":131,"column":4},"end":{"line":131,"column":13}},"131":{"start":{"line":132,"column":4},"end":{"line":132,"column":13}},"132":{"start":{"line":133,"column":4},"end":{"line":133,"column":13}},"133":{"start":{"line":134,"column":4},"end":{"line":134,"column":13}},"134":{"start":{"line":135,"column":4},"end":{"line":135,"column":13}},"135":{"start":{"line":136,"column":4},"end":{"line":136,"column":13}},"136":{"start":{"line":137,"column":4},"end":{"line":137,"column":13}},"137":{"start":{"line":138,"column":4},"end":{"line":138,"column":13}},"138":{"start":{"line":139,"column":4},"end":{"line":139,"column":13}},"139":{"start":{"line":140,"column":4},"end":{"line":140,"column":13}},"140":{"start":{"line":141,"column":4},"end":{"line":141,"column":13}},"141":{"start":{"line":142,"column":4},"end":{"line":142,"column":13}},"142":{"start":{"line":143,"column":4},"end":{"line":143,"column":13}},"143":{"start":{"line":144,"column":4},"end":{"line":144,"column":13}},"144":{"start":{"line":145,"column":4},"end":{"line":145,"column":13}},"145":{"start":{"line":146,"column":4},"end":{"line":146,"column":13}},"146":{"start":{"line":147,"column":4},"end":{"line":147,"column":13}},"147":{"start":{"line":148,"column":4},"end":{"line":148,"column":13}},"148":{"start":{"line":149,"column":4},"end":{"line":149,"column":13}},"149":{"start":{"line":150,"column":4},"end":{"line":150,"column":13}},"150":{"start":{"line":151,"column":4},"end":{"line":151,"column":13}},"151":{"start":{"line":152,"column":4},"end":{"line":152,"column":13}},"152":{"start":{"line":153,"column":4},"end":{"line":153,"column":13}},"153":{"start":{"line":154,"column":4},"end":{"line":154,"column":13}},"154":{"start":{"line":155,"column":4},"end":{"line":155,"column":13}},"155":{"start":{"line":156,"column":4},"end":{"line":156,"column":13}},"156":{"start":{"line":157,"column":4},"end":{"line":157,"column":13}},"157":{"start":{"line":158,"column":4},"end":{"line":158,"column":13}},"158":{"start":{"line":159,"column":4},"end":{"line":159,"column":13}},"159":{"start":{"line":160,"column":4},"end":{"line":160,"column":13}},"160":{"start":{"line":161,"column":4},"end":{"line":161,"column":13}},"161":{"start":{"line":162,"column":4},"end":{"line":162,"column":13}},"162":{"start":{"line":163,"column":4},"end":{"line":163,"column":13}},"163":{"start":{"line":164,"column":4},"end":{"line":164,"column":13}},"164":{"start":{"line":165,"column":4},"end":{"line":165,"column":13}},"165":{"start":{"line":166,"column":4},"end":{"line":166,"column":13}},"166":{"start":{"line":167,"column":4},"end":{"line":167,"column":13}},"167":{"start":{"line":168,"column":4},"end":{"line":168,"column":13}},"168":{"start":{"line":169,"column":4},"end":{"line":169,"column":13}},"169":{"start":{"line":170,"column":4},"end":{"line":170,"column":13}},"170":{"start":{"line":171,"column":4},"end":{"line":171,"column":13}},"171":{"start":{"line":172,"column":4},"end":{"line":172,"column":13}},"172":{"start":{"line":173,"column":4},"end":{"line":173,"column":13}},"173":{"start":{"line":174,"column":4},"end":{"line":174,"column":13}},"174":{"start":{"line":175,"column":4},"end":{"line":175,"column":13}},"175":{"start":{"line":176,"column":4},"end":{"line":176,"column":13}},"176":{"start":{"line":177,"column":4},"end":{"line":177,"column":13}},"177":{"start":{"line":178,"column":4},"end":{"line":178,"column":13}},"178":{"start":{"line":179,"column":4},"end":{"line":179,"column":13}},"179":{"start":{"line":180,"column":4},"end":{"line":180,"column":13}},"180":{"start":{"line":181,"column":4},"end":{"line":181,"column":13}},"181":{"start":{"line":182,"column":4},"end":{"line":182,"column":13}},"182":{"start":{"line":183,"column":4},"end":{"line":183,"column":13}},"183":{"start":{"line":184,"column":4},"end":{"line":184,"column":13}},"184":{"start":{"line":185,"column":4},"end":{"line":185,"column":13}},"185":{"start":{"line":186,"column":4},"end":{"line":186,"column":13}},"186":{"start":{"line":187,"column":4},"end":{"line":187,"column":13}},"187":{"start":{"line":188,"column":4},"end":{"line":188,"column":13}},"188":{"start":{"line":189,"column":4},"end":{"line":189,"column":13}},"189":{"start":{"line":190,"column":4},"end":{"line":190,"column":13}},"190":{"start":{"line":191,"column":4},"end":{"line":191,"column":13}},"191":{"start":{"line":192,"column":4},"end":{"line":192,"column":13}},"192":{"start":{"line":193,"column":4},"end":{"line":193,"column":13}},"193":{"start":{"line":194,"column":4},"end":{"line":194,"column":13}},"194":{"start":{"line":195,"column":4},"end":{"line":195,"column":13}},"195":{"start":{"line":196,"column":4},"end":{"line":196,"column":13}},"196":{"start":{"line":197,"column":4},"end":{"line":197,"column":13}},"197":{"start":{"line":198,"column":4},"end":{"line":198,"column":13}},"198":{"start":{"line":199,"column":4},"end":{"line":199,"column":13}},"199":{"start":{"line":200,"column":4},"end":{"line":200,"column":13}},"200":{"start":{"line":201,"column":4},"end":{"line":201,"column":13}},"201":{"start":{"line":202,"column":4},"end":{"line":202,"column":13}},"202":{"start":{"line":203,"column":4},"end":{"line":203,"column":13}},"203":{"start":{"line":204,"column":4},"end":{"line":204,"column":13}},"204":{"start":{"line":205,"column":4},"end":{"line":205,"column":13}},"205":{"start":{"line":206,"column":4},"end":{"line":206,"column":13}},"206":{"start":{"line":207,"column":4},"end":{"line":207,"column":13}},"207":{"start":{"line":208,"column":4},"end":{"line":208,"column":13}},"208":{"start":{"line":209,"column":4},"end":{"line":209,"column":13}},"209":{"start":{"line":210,"column":4},"end":{"line":210,"column":13}},"210":{"start":{"line":211,"column":4},"end":{"line":211,"column":13}},"211":{"start":{"line":212,"column":4},"end":{"line":212,"column":13}},"212":{"start":{"line":213,"column":4},"end":{"line":213,"column":13}},"213":{"start":{"line":214,"column":4},"end":{"line":214,"column":13}},"214":{"start":{"line":215,"column":4},"end":{"line":215,"column":13}},"215":{"start":{"line":216,"column":4},"end":{"line":216,"column":13}},"216":{"start":{"line":217,"column":4},"end":{"line":217,"column":13}},"217":{"start":{"line":218,"column":4},"end":{"line":218,"column":13}},"218":{"start":{"line":219,"column":4},"end":{"line":219,"column":13}},"219":{"start":{"line":220,"column":4},"end":{"line":220,"column":13}},"220":{"start":{"line":221,"column":4},"end":{"line":221,"column":13}},"221":{"start":{"line":222,"column":4},"end":{"line":222,"column":13}},"222":{"start":{"line":223,"column":4},"end":{"line":223,"column":13}},"223":{"start":{"line":224,"column":4},"end":{"line":224,"column":13}},"224":{"start":{"line":225,"column":4},"end":{"line":225,"column":13}},"225":{"start":{"line":226,"column":4},"end":{"line":226,"column":13}},"226":{"start":{"line":227,"column":4},"end":{"line":227,"column":13}},"227":{"start":{"line":228,"column":4},"end":{"line":228,"column":13}},"228":{"start":{"line":229,"column":4},"end":{"line":229,"column":13}},"229":{"start":{"line":230,"column":4},"end":{"line":230,"column":13}},"230":{"start":{"line":231,"column":4},"end":{"line":231,"column":13}},"231":{"start":{"line":232,"column":4},"end":{"line":232,"column":13}},"232":{"start":{"line":233,"column":4},"end":{"line":233,"column":13}},"233":{"start":{"line":234,"column":4},"end":{"line":234,"column":13}},"234":{"start":{"line":235,"column":4},"end":{"line":235,"column":13}},"235":{"start":{"line":236,"column":4},"end":{"line":236,"column":13}},"236":{"start":{"line":237,"column":4},"end":{"line":237,"column":13}},"237":{"start":{"line":238,"column":4},"end":{"line":238,"column":13}},"238":{"start":{"line":239,"column":4},"end":{"line":239,"column":13}},"239":{"start":{"line":240,"column":4},"end":{"line":240,"column":13}},"240":{"start":{"line":241,"column":4},"end":{"line":241,"column":13}},"241":{"start":{"line":242,"column":4},"end":{"line":242,"column":13}},"242":{"start":{"line":243,"column":4},"end":{"line":243,"column":13}},"243":{"start":{"line":244,"column":4},"end":{"line":244,"column":13}},"244":{"start":{"line":245,"column":4},"end":{"line":245,"column":13}},"245":{"start":{"line":246,"column":4},"end":{"line":246,"column":13}},"246":{"start":{"line":247,"column":4},"end":{"line":247,"column":13}},"247":{"start":{"line":248,"column":4},"end":{"line":248,"column":13}},"248":{"start":{"line":249,"column":4},"end":{"line":249,"column":13}},"249":{"start":{"line":250,"column":4},"end":{"line":250,"column":13}}},"fnMap":{"0":{"name":"(anonymous_0)","decl":{"start":{"line":1,"column":1},"end":{"line":1,"column":12}},"loc":{"start":{"line":1,"column":20},"end":{"line":251,"column":1}}}},"branchMap":{"0":{"loc":{"start":{"line":1,"column":13},"end":{"line":1,"column":20}},"type":"binary-expr","locations":[{"start":{"line":1,"column":13},"end":{"line":1,"column":20}},{"start":{"line":1,"column":13},"end":{"line":1,"column":20}}]}},"s":{"0":1,"1":1,"2":1,"3":1,"4":1,"5":1,"6":1,"7":1,"8":1,"9":1,"10":1,"11":1,"12":1,"13":1,"14":1,"15":1,"16":1,"17":1,"18":1,"19":1,"20":1,"21":1,"22":1,"23":1,"24":1,"25":1,"26":1,"27":1,"28":1,"29":1,"30":1,"31":1,"32":1,"33":1,"34":1,"35":1,"36":1,"37":1,"38":1,"39":1,"40":1,"41":1,"42":1,"43":1,"44":1,"45":1,"46":1,"47":1,"48":1,"49":1,"50":1,"51":1,"52":1,"53":1,"54":1,"55":1,"56":1,"57":1,"58":1,"59":1,"60":1,"61":1,"62":1,"63":1,"64":1,"65":1,"66":1,"67":1,"68":1,"69":1,"70":1,"71":1,"72":1,"73":1,"74":1,"75":1,"76":1,"77":1,"78":1,"79":1,"80":1,"81":1,"82":1,"83":1,"84":1,"85":1,"86":1,"87":1,"88":1,"89":1,"90":1,"91":1,"92":1,"93":1,"94":1,"95":1,"96":1,"97":1,"98":1,"99":1,"100":1,"101":1,"102":1,"103":1,"104":1,"105":1,"106":1,"107":1,"108":1,"109":1,"110":1,"111":1,"112":1,"113":1,"114":1,"115":1,"116":1,"117":1,"118":1,"119":1,"120":1,"121":1,"122":1,"123":1,"124":1,"125":1,"126":1,"127":1,"128":1,"129":1,"130":1,"131":1,"132":1,"133":1,"134":1,"135":1,"136":1,"137":1,"138":1,"139":1,"140":1,"141":1,"142":1,"143":1,"144":1,"145":1,"146":1,"147":1,"148":1,"149":1,"150":1,"151":1,"152":1,"153":1,"154":1,"155":1,"156":1,"157":1,"158":1,"159":1,"160":1,"161":1,"162":1,"163":1,"164":1,"165":1,"166":1,"167":1,"168":1,"169":1,"170":1,"171":1,"172":1,"173":1,"174":1,"175":1,"176":1,"177":1,"178":1,"179":1,"180":1,"181":1,"182":1,"183":1,"184":1,"185":1,"186":1,"187":1,"188":1,"189":1,"190":1,"191":1,"192":1,"193":1,"194":1,"195":1,"196":1,"197":1,"198":1,"199":1,"200":1,"201":1,"202":1,"203":1,"204":1,"205":1,"206":1,"207":1,"208":1,"209":1,"210":1,"211":1,"212":1,"213":1,"214":1,"215":1,"216":1,"217":1,"218":1,"219":1,"220":1,"221":1,"222":1,"223":1,"224":1,"225":1,"226":1,"227":1,"228":1,"229":1,"230":1,"231":1,"232":1,"233":1,"234":1,"235":1,"236":1,"237":1,"238":1,"239":1,"240":1,"241":1,"242":1,"243":1,"244":1,"245":1,"246":1,"247":1,"248":1,"249":1},"f":{"0":1},"b":{"0":[1,1]}}
,"/Users/darioronzoni/Development/fattura-elettronica/src/Tabelle/Provincia.ts": {"path":"/Users/darioronzoni/Development/fattura-elettronica/src/Tabelle/Provincia.ts","statementMap":{"0":{"start":{"line":1,"column":1},"end":{"line":112,"column":1}},"1":{"start":{"line":2,"column":4},"end":{"line":2,"column":13}},"2":{"start":{"line":3,"column":4},"end":{"line":3,"column":13}},"3":{"start":{"line":4,"column":4},"end":{"line":4,"column":13}},"4":{"start":{"line":5,"column":4},"end":{"line":5,"column":13}},"5":{"start":{"line":6,"column":4},"end":{"line":6,"column":13}},"6":{"start":{"line":7,"column":4},"end":{"line":7,"column":13}},"7":{"start":{"line":8,"column":4},"end":{"line":8,"column":13}},"8":{"start":{"line":9,"column":4},"end":{"line":9,"column":13}},"9":{"start":{"line":10,"column":4},"end":{"line":10,"column":13}},"10":{"start":{"line":11,"column":4},"end":{"line":11,"column":13}},"11":{"start":{"line":12,"column":4},"end":{"line":12,"column":13}},"12":{"start":{"line":13,"column":4},"end":{"line":13,"column":13}},"13":{"start":{"line":14,"column":4},"end":{"line":14,"column":13}},"14":{"start":{"line":15,"column":4},"end":{"line":15,"column":13}},"15":{"start":{"line":16,"column":4},"end":{"line":16,"column":13}},"16":{"start":{"line":17,"column":4},"end":{"line":17,"column":13}},"17":{"start":{"line":18,"column":4},"end":{"line":18,"column":13}},"18":{"start":{"line":19,"column":4},"end":{"line":19,"column":13}},"19":{"start":{"line":20,"column":4},"end":{"line":20,"column":13}},"20":{"start":{"line":21,"column":4},"end":{"line":21,"column":13}},"21":{"start":{"line":22,"column":4},"end":{"line":22,"column":13}},"22":{"start":{"line":23,"column":4},"end":{"line":23,"column":13}},"23":{"start":{"line":24,"column":4},"end":{"line":24,"column":13}},"24":{"start":{"line":25,"column":4},"end":{"line":25,"column":13}},"25":{"start":{"line":26,"column":4},"end":{"line":26,"column":13}},"26":{"start":{"line":27,"column":4},"end":{"line":27,"column":13}},"27":{"start":{"line":28,"column":4},"end":{"line":28,"column":13}},"28":{"start":{"line":29,"column":4},"end":{"line":29,"column":13}},"29":{"start":{"line":30,"column":4},"end":{"line":30,"column":13}},"30":{"start":{"line":31,"column":4},"end":{"line":31,"column":13}},"31":{"start":{"line":32,"column":4},"end":{"line":32,"column":13}},"32":{"start":{"line":33,"column":4},"end":{"line":33,"column":13}},"33":{"start":{"line":34,"column":4},"end":{"line":34,"column":13}},"34":{"start":{"line":35,"column":4},"end":{"line":35,"column":13}},"35":{"start":{"line":36,"column":4},"end":{"line":36,"column":13}},"36":{"start":{"line":37,"column":4},"end":{"line":37,"column":13}},"37":{"start":{"line":38,"column":4},"end":{"line":38,"column":13}},"38":{"start":{"line":39,"column":4},"end":{"line":39,"column":13}},"39":{"start":{"line":40,"column":4},"end":{"line":40,"column":13}},"40":{"start":{"line":41,"column":4},"end":{"line":41,"column":13}},"41":{"start":{"line":42,"column":4},"end":{"line":42,"column":13}},"42":{"start":{"line":43,"column":4},"end":{"line":43,"column":13}},"43":{"start":{"line":44,"column":4},"end":{"line":44,"column":13}},"44":{"start":{"line":45,"column":4},"end":{"line":45,"column":13}},"45":{"start":{"line":46,"column":4},"end":{"line":46,"column":13}},"46":{"start":{"line":47,"column":4},"end":{"line":47,"column":13}},"47":{"start":{"line":48,"column":4},"end":{"line":48,"column":13}},"48":{"start":{"line":49,"column":4},"end":{"line":49,"column":13}},"49":{"start":{"line":50,"column":4},"end":{"line":50,"column":13}},"50":{"start":{"line":51,"column":4},"end":{"line":51,"column":13}},"51":{"start":{"line":52,"column":4},"end":{"line":52,"column":13}},"52":{"start":{"line":53,"column":4},"end":{"line":53,"column":13}},"53":{"start":{"line":54,"column":4},"end":{"line":54,"column":13}},"54":{"start":{"line":55,"column":4},"end":{"line":55,"column":13}},"55":{"start":{"line":56,"column":4},"end":{"line":56,"column":13}},"56":{"start":{"line":57,"column":4},"end":{"line":57,"column":13}},"57":{"start":{"line":58,"column":4},"end":{"line":58,"column":13}},"58":{"start":{"line":59,"column":4},"end":{"line":59,"column":13}},"59":{"start":{"line":60,"column":4},"end":{"line":60,"column":13}},"60":{"start":{"line":61,"column":4},"end":{"line":61,"column":13}},"61":{"start":{"line":62,"column":4},"end":{"line":62,"column":13}},"62":{"start":{"line":63,"column":4},"end":{"line":63,"column":13}},"63":{"start":{"line":64,"column":4},"end":{"line":64,"column":13}},"64":{"start":{"line":65,"column":4},"end":{"line":65,"column":13}},"65":{"start":{"line":66,"column":4},"end":{"line":66,"column":13}},"66":{"start":{"line":67,"column":4},"end":{"line":67,"column":13}},"67":{"start":{"line":68,"column":4},"end":{"line":68,"column":13}},"68":{"start":{"line":69,"column":4},"end":{"line":69,"column":13}},"69":{"start":{"line":70,"column":4},"end":{"line":70,"column":13}},"70":{"start":{"line":71,"column":4},"end":{"line":71,"column":13}},"71":{"start":{"line":72,"column":4},"end":{"line":72,"column":13}},"72":{"start":{"line":73,"column":4},"end":{"line":73,"column":13}},"73":{"start":{"line":74,"column":4},"end":{"line":74,"column":13}},"74":{"start":{"line":75,"column":4},"end":{"line":75,"column":13}},"75":{"start":{"line":76,"column":4},"end":{"line":76,"column":13}},"76":{"start":{"line":77,"column":4},"end":{"line":77,"column":13}},"77":{"start":{"line":78,"column":4},"end":{"line":78,"column":13}},"78":{"start":{"line":79,"column":4},"end":{"line":79,"column":13}},"79":{"start":{"line":80,"column":4},"end":{"line":80,"column":13}},"80":{"start":{"line":81,"column":4},"end":{"line":81,"column":13}},"81":{"start":{"line":82,"column":4},"end":{"line":82,"column":13}},"82":{"start":{"line":83,"column":4},"end":{"line":83,"column":13}},"83":{"start":{"line":84,"column":4},"end":{"line":84,"column":13}},"84":{"start":{"line":85,"column":4},"end":{"line":85,"column":13}},"85":{"start":{"line":86,"column":4},"end":{"line":86,"column":13}},"86":{"start":{"line":87,"column":4},"end":{"line":87,"column":13}},"87":{"start":{"line":88,"column":4},"end":{"line":88,"column":13}},"88":{"start":{"line":89,"column":4},"end":{"line":89,"column":13}},"89":{"start":{"line":90,"column":4},"end":{"line":90,"column":13}},"90":{"start":{"line":91,"column":4},"end":{"line":91,"column":13}},"91":{"start":{"line":92,"column":4},"end":{"line":92,"column":13}},"92":{"start":{"line":93,"column":4},"end":{"line":93,"column":13}},"93":{"start":{"line":94,"column":4},"end":{"line":94,"column":13}},"94":{"start":{"line":95,"column":4},"end":{"line":95,"column":13}},"95":{"start":{"line":96,"column":4},"end":{"line":96,"column":13}},"96":{"start":{"line":97,"column":4},"end":{"line":97,"column":13}},"97":{"start":{"line":98,"column":4},"end":{"line":98,"column":13}},"98":{"start":{"line":99,"column":4},"end":{"line":99,"column":13}},"99":{"start":{"line":100,"column":4},"end":{"line":100,"column":13}},"100":{"start":{"line":101,"column":4},"end":{"line":101,"column":13}},"101":{"start":{"line":102,"column":4},"end":{"line":102,"column":13}},"102":{"start":{"line":103,"column":4},"end":{"line":103,"column":13}},"103":{"start":{"line":104,"column":4},"end":{"line":104,"column":13}},"104":{"start":{"line":105,"column":4},"end":{"line":105,"column":13}},"105":{"start":{"line":106,"column":4},"end":{"line":106,"column":13}},"106":{"start":{"line":107,"column":4},"end":{"line":107,"column":13}},"107":{"start":{"line":108,"column":4},"end":{"line":108,"column":13}},"108":{"start":{"line":109,"column":4},"end":{"line":109,"column":13}},"109":{"start":{"line":110,"column":4},"end":{"line":110,"column":13}},"110":{"start":{"line":111,"column":4},"end":{"line":111,"column":13}}},"fnMap":{"0":{"name":"(anonymous_0)","decl":{"start":{"line":1,"column":1},"end":{"line":1,"column":12}},"loc":{"start":{"line":1,"column":22},"end":{"line":112,"column":1}}}},"branchMap":{"0":{"loc":{"start":{"line":1,"column":13},"end":{"line":1,"column":22}},"type":"binary-expr","locations":[{"start":{"line":1,"column":13},"end":{"line":1,"column":22}},{"start":{"line":1,"column":13},"end":{"line":1,"column":22}}]}},"s":{"0":1,"1":1,"2":1,"3":1,"4":1,"5":1,"6":1,"7":1,"8":1,"9":1,"10":1,"11":1,"12":1,"13":1,"14":1,"15":1,"16":1,"17":1,"18":1,"19":1,"20":1,"21":1,"22":1,"23":1,"24":1,"25":1,"26":1,"27":1,"28":1,"29":1,"30":1,"31":1,"32":1,"33":1,"34":1,"35":1,"36":1,"37":1,"38":1,"39":1,"40":1,"41":1,"42":1,"43":1,"44":1,"45":1,"46":1,"47":1,"48":1,"49":1,"50":1,"51":1,"52":1,"53":1,"54":1,"55":1,"56":1,"57":1,"58":1,"59":1,"60":1,"61":1,"62":1,"63":1,"64":1,"65":1,"66":1,"67":1,"68":1,"69":1,"70":1,"71":1,"72":1,"73":1,"74":1,"75":1,"76":1,"77":1,"78":1,"79":1,"80":1,"81":1,"82":1,"83":1,"84":1,"85":1,"86":1,"87":1,"88":1,"89":1,"90":1,"91":1,"92":1,"93":1,"94":1,"95":1,"96":1,"97":1,"98":1,"99":1,"100":1,"101":1,"102":1,"103":1,"104":1,"105":1,"106":1,"107":1,"108":1,"109":1,"110":1},"f":{"0":1},"b":{"0":[1,1]}}
,"/Users/darioronzoni/Development/fattura-elettronica/src/Tabelle/RegimeFiscale.ts": {"path":"/Users/darioronzoni/Development/fattura-elettronica/src/Tabelle/RegimeFiscale.ts","statementMap":{"0":{"start":{"line":1,"column":1},"end":{"line":20,"column":1}},"1":{"start":{"line":2,"column":4},"end":{"line":2,"column":17}},"2":{"start":{"line":3,"column":4},"end":{"line":3,"column":17}},"3":{"start":{"line":4,"column":4},"end":{"line":4,"column":17}},"4":{"start":{"line":5,"column":4},"end":{"line":5,"column":17}},"5":{"start":{"line":6,"column":4},"end":{"line":6,"column":17}},"6":{"start":{"line":7,"column":4},"end":{"line":7,"column":17}},"7":{"start":{"line":8,"column":4},"end":{"line":8,"column":17}},"8":{"start":{"line":9,"column":4},"end":{"line":9,"column":17}},"9":{"start":{"line":10,"column":4},"end":{"line":10,"column":17}},"10":{"start":{"line":11,"column":4},"end":{"line":11,"column":17}},"11":{"start":{"line":12,"column":4},"end":{"line":12,"column":17}},"12":{"start":{"line":13,"column":4},"end":{"line":13,"column":17}},"13":{"start":{"line":14,"column":4},"end":{"line":14,"column":17}},"14":{"start":{"line":15,"column":4},"end":{"line":15,"column":17}},"15":{"start":{"line":16,"column":4},"end":{"line":16,"column":17}},"16":{"start":{"line":17,"column":4},"end":{"line":17,"column":17}},"17":{"start":{"line":18,"column":4},"end":{"line":18,"column":17}},"18":{"start":{"line":19,"column":4},"end":{"line":19,"column":17}}},"fnMap":{"0":{"name":"(anonymous_0)","decl":{"start":{"line":1,"column":1},"end":{"line":1,"column":12}},"loc":{"start":{"line":1,"column":26},"end":{"line":20,"column":1}}}},"branchMap":{"0":{"loc":{"start":{"line":1,"column":13},"end":{"line":1,"column":26}},"type":"binary-expr","locations":[{"start":{"line":1,"column":13},"end":{"line":1,"column":26}},{"start":{"line":1,"column":13},"end":{"line":1,"column":26}}]}},"s":{"0":1,"1":1,"2":1,"3":1,"4":1,"5":1,"6":1,"7":1,"8":1,"9":1,"10":1,"11":1,"12":1,"13":1,"14":1,"15":1,"16":1,"17":1,"18":1},"f":{"0":1},"b":{"0":[1,1]}}
,"/Users/darioronzoni/Development/fattura-elettronica/src/Tabelle/TipoDocumento.ts": {"path":"/Users/darioronzoni/Development/fattura-elettronica/src/Tabelle/TipoDocumento.ts","statementMap":{"0":{"start":{"line":1,"column":1},"end":{"line":9,"column":1}},"1":{"start":{"line":2,"column":4},"end":{"line":2,"column":17}},"2":{"start":{"line":3,"column":4},"end":{"line":3,"column":17}},"3":{"start":{"line":4,"column":4},"end":{"line":4,"column":17}},"4":{"start":{"line":5,"column":4},"end":{"line":5,"column":17}},"5":{"start":{"line":6,"column":4},"end":{"line":6,"column":17}},"6":{"start":{"line":7,"column":4},"end":{"line":7,"column":17}},"7":{"start":{"line":8,"column":4},"end":{"line":8,"column":17}}},"fnMap":{"0":{"name":"(anonymous_0)","decl":{"start":{"line":1,"column":1},"end":{"line":1,"column":12}},"loc":{"start":{"line":1,"column":26},"end":{"line":9,"column":1}}}},"branchMap":{"0":{"loc":{"start":{"line":1,"column":13},"end":{"line":1,"column":26}},"type":"binary-expr","locations":[{"start":{"line":1,"column":13},"end":{"line":1,"column":26}},{"start":{"line":1,"column":13},"end":{"line":1,"column":26}}]}},"s":{"0":1,"1":1,"2":1,"3":1,"4":1,"5":1,"6":1,"7":1},"f":{"0":1},"b":{"0":[1,1]}}
}
